<?xml version="1.0" encoding="UTF-8"?>
<!-- Generated by org.testng.reporters.JUnitReportReporter -->
<testsuite skipped="0" hostname="ATMECSINLT-033" name="com.atmecs.testscripts.TwstScript" tests="1" failures="0" timestamp="14 Oct 2019 08:53:10 GMT" time="2.473" errors="0">
  <testcase name="productSearchScript" time="2.473" classname="com.atmecs.testscripts.TwstScript"/>
</testsuite> <!-- com.atmecs.testscripts.TwstScript -->
