<?xml version="1.0" encoding="UTF-8"?>
<!-- Generated by org.testng.reporters.JUnitReportReporter -->
<testsuite skipped="0" hostname="ATMECSINLT-033" name="com.atmecs.testscripts.SecondScenerio" tests="1" failures="0" timestamp="14 Oct 2019 14:53:53 GMT" time="13.248" errors="0">
  <testcase name="select" time="13.248" classname="com.atmecs.testscripts.SecondScenerio"/>
</testsuite> <!-- com.atmecs.testscripts.SecondScenerio -->
