<?xml version="1.0" encoding="UTF-8"?>
<!-- Generated by org.testng.reporters.JUnitReportReporter -->
<testsuite skipped="0" hostname="ATMECSINLT-033" name="com.atmecs.testscripts.ProductSearchTestScripts" tests="2" failures="0" timestamp="14 Oct 2019 14:53:53 GMT" time="5.485" errors="0">
  <testcase name="productSearchScript" time="2.271" classname="com.atmecs.testscripts.ProductSearchTestScripts"/>
  <testcase name="negativesearch" time="3.214" classname="com.atmecs.testscripts.ProductSearchTestScripts"/>
</testsuite> <!-- com.atmecs.testscripts.ProductSearchTestScripts -->
